<?xml version="1.0" encoding="UTF-8"?>
<testng-results ignored="0" total="1" passed="1" failed="0" skipped="0">
  <reporter-output>
  </reporter-output>
  <suite started-at="2023-03-15T22:07:46 CDT" name="Default suite" finished-at="2023-03-15T22:07:58 CDT" duration-ms="12148">
    <groups>
      <group name="cucumber">
        <method signature="AbstractTestNGCucumberTests.feature(cucumber.api.testng.CucumberFeatureWrapper)[pri:0, instance:TestRunnerPackage.TestRunnerClass@cecf639]" name="feature" class="cucumber.api.testng.AbstractTestNGCucumberTests"/>
      </group> <!-- cucumber -->
    </groups>
    <test started-at="2023-03-15T22:07:46 CDT" name="Default test" finished-at="2023-03-15T22:07:58 CDT" duration-ms="12148">
      <class name="TestRunnerPackage.TestRunnerClass">
        <test-method is-config="true" signature="OpenURL()[pri:0, instance:TestRunnerPackage.TestRunnerClass@cecf639]" started-at="2023-03-15T22:07:46 CDT" name="OpenURL" finished-at="2023-03-15T22:07:48 CDT" duration-ms="2224" status="PASS">
          <reporter-output>
          </reporter-output>
        </test-method> <!-- OpenURL -->
        <test-method is-config="true" signature="setUpClass()[pri:0, instance:TestRunnerPackage.TestRunnerClass@cecf639]" started-at="2023-03-15T22:07:48 CDT" name="setUpClass" finished-at="2023-03-15T22:07:49 CDT" duration-ms="186" status="PASS">
          <reporter-output>
          </reporter-output>
        </test-method> <!-- setUpClass -->
        <test-method signature="feature(cucumber.api.testng.CucumberFeatureWrapper)[pri:0, instance:TestRunnerPackage.TestRunnerClass@cecf639]" started-at="2023-03-15T22:07:49 CDT" name="feature" description="Runs Cucumber Feature" data-provider="features" finished-at="2023-03-15T22:07:58 CDT" duration-ms="9349" status="PASS">
          <params>
            <param index="0">
              <value>
                <![CDATA[This is a Login Fuctionality]]>
              </value>
            </param>
          </params>
          <reporter-output>
          </reporter-output>
        </test-method> <!-- feature -->
        <test-method is-config="true" signature="tearDownClass()[pri:0, instance:TestRunnerPackage.TestRunnerClass@cecf639]" started-at="2023-03-15T22:07:58 CDT" name="tearDownClass" finished-at="2023-03-15T22:07:58 CDT" duration-ms="12" status="PASS">
          <reporter-output>
          </reporter-output>
        </test-method> <!-- tearDownClass -->
        <test-method is-config="true" signature="CloseURL()[pri:0, instance:TestRunnerPackage.TestRunnerClass@cecf639]" started-at="2023-03-15T22:07:58 CDT" name="CloseURL" finished-at="2023-03-15T22:07:58 CDT" duration-ms="256" status="PASS">
          <reporter-output>
          </reporter-output>
        </test-method> <!-- CloseURL -->
      </class> <!-- TestRunnerPackage.TestRunnerClass -->
    </test> <!-- Default test -->
  </suite> <!-- Default suite -->
</testng-results>
